#
# There is insufficient memory for the Java Runtime Environment to continue.
# Native memory allocation (mmap) failed to map 134217728 bytes for Failed to commit area from 0x0000000080c00000 to 0x0000000088c00000 of length 134217728.
# Possible reasons:
#   The system is out of physical RAM or swap space
#   The process is running with CompressedOops enabled, and the Java Heap may be blocking the growth of the native heap
# Possible solutions:
#   Reduce memory load on the system
#   Increase physical memory or swap space
#   Check if swap backing store is full
#   Decrease Java heap size (-Xmx/-Xms)
#   Decrease number of Java threads
#   Decrease Java thread stack sizes (-Xss)
#   Set larger code cache with -XX:ReservedCodeCacheSize=
# This output file may be truncated or incomplete.
#
#  Out of Memory Error (t:/workspace/open/src/hotspot/os/windows/os_windows.cpp:3275), pid=4608, tid=2684
#
# JRE version:  (11.0.4+10) (build )
# Java VM: Java HotSpot(TM) 64-Bit Server VM (11.0.4+10-LTS, mixed mode, aot, sharing, tiered, compressed oops, g1 gc, windows-amd64)
# No core dump will be written. Minidumps are not enabled by default on client versions of Windows
#

---------------  S U M M A R Y ------------

Command Line: -Dclassworlds.conf=//bin/m2.conf -Dmaven.home=C:/Program Files/Git/ -Dlibrary.jansi.path=//lib/jansi-native -Dmaven.multiModuleProjectDirectory=D:/Y/Study/Projects/autometer org.codehaus.plexus.classworlds.launcher.Launcher clean package

Host: Intel(R) Core(TM) i3-2330M CPU @ 2.20GHz, 4 cores, 7G,  Windows 10 , 64 bit Build 19041 (10.0.19041.292)
Time: Mon Sep 28 15:58:52 2020 Финляндия (лето) elapsed time: 0 seconds (0d 0h 0m 0s)

---------------  T H R E A D  ---------------

Current thread (0x000001214846e800):  JavaThread "Unknown thread" [_thread_in_vm, id=2684, stack(0x0000000b14c00000,0x0000000b14d00000)]

Stack: [0x0000000b14c00000,0x0000000b14d00000]
Native frames: (J=compiled Java code, j=interpreted, Vv=VM code, C=native code)
V  [jvm.dll+0x635bda]
V  [jvm.dll+0x77360f]
V  [jvm.dll+0x774cba]
V  [jvm.dll+0x775373]
V  [jvm.dll+0x25e668]
V  [jvm.dll+0x63306a]
V  [jvm.dll+0x627ab5]
V  [jvm.dll+0x314f8c]
V  [jvm.dll+0x314e12]
V  [jvm.dll+0x31a676]
V  [jvm.dll+0x36676f]
V  [jvm.dll+0x366190]
V  [jvm.dll+0x2f1b18]
V  [jvm.dll+0x2f2c86]
V  [jvm.dll+0x74c777]
V  [jvm.dll+0x74debf]
V  [jvm.dll+0x3735a9]
V  [jvm.dll+0x732e09]
V  [jvm.dll+0x3e2c0d]
V  [jvm.dll+0x3e4ee1]
C  [java.exe+0x3607]
C  [java.exe+0x178dc]
C  [KERNEL32.DLL+0x16fd4]
C  [ntdll.dll+0x4cec1]


---------------  P R O C E S S  ---------------

Threads class SMR info:
_java_thread_list=0x000001214838bd20, length=0, elements={
}

Java Threads: ( => current thread )

Other Threads:
  0x000001214a43a800 GCTaskThread "GC Thread#0" [stack: 0x0000000b14d00000,0x0000000b14e00000] [id=2484]
  0x000001214a46c000 ConcurrentGCThread "G1 Main Marker" [stack: 0x0000000b14e00000,0x0000000b14f00000] [id=11284]
  0x000001214a46e800 ConcurrentGCThread "G1 Conc#0" [stack: 0x0000000b14f00000,0x0000000b15000000] [id=5952]

[error occurred during error reporting (printing all threads), id 0xc0000005, EXCEPTION_ACCESS_VIOLATION (0xc0000005) at pc=0x00007ffd1b7703e7]

VM state:not at safepoint (not fully initialized)

VM Mutex/Monitor currently owned by a thread:  ([mutex/lock_event])
[0x000001214a420e80] Heap_lock - owner thread: 0x000001214846e800

Heap address: 0x0000000080c00000, size: 2036 MB, Compressed Oops mode: Non-zero based: 0x0000000080c00000
Narrow klass base: 0x0000000000000000, Narrow klass shift: 0

GC Heap History (0 events):
No events

Deoptimization events (0 events):
No events

Classes redefined (0 events):
No events

Internal exceptions (0 events):
No events

Events (0 events):
No events


Dynamic libraries:
0x00007ff68b360000 - 0x00007ff68b3a7000 	C:\Program Files\Java\jdk-11.0.4\bin\java.exe
0x00007ffd50e10000 - 0x00007ffd51005000 	C:\WINDOWS\SYSTEM32\ntdll.dll
0x00007ffd4ef80000 - 0x00007ffd4f03d000 	C:\WINDOWS\System32\KERNEL32.DLL
0x00007ffd4e580000 - 0x00007ffd4e847000 	C:\WINDOWS\System32\KERNELBASE.dll
0x00007ffd4f680000 - 0x00007ffd4f72a000 	C:\WINDOWS\System32\ADVAPI32.dll
0x00007ffd50060000 - 0x00007ffd500fe000 	C:\WINDOWS\System32\msvcrt.dll
0x00007ffd50b60000 - 0x00007ffd50bfb000 	C:\WINDOWS\System32\sechost.dll
0x00007ffd4f040000 - 0x00007ffd4f164000 	C:\WINDOWS\System32\RPCRT4.dll
0x00007ffd4f730000 - 0x00007ffd4f8d0000 	C:\WINDOWS\System32\USER32.dll
0x00007ffd4ea80000 - 0x00007ffd4eaa2000 	C:\WINDOWS\System32\win32u.dll
0x00007ffd50cf0000 - 0x00007ffd50d1a000 	C:\WINDOWS\System32\GDI32.dll
0x00007ffd4ed60000 - 0x00007ffd4ee69000 	C:\WINDOWS\System32\gdi32full.dll
0x00007ffd4ecc0000 - 0x00007ffd4ed5d000 	C:\WINDOWS\System32\msvcp_win.dll
0x00007ffd4e920000 - 0x00007ffd4ea20000 	C:\WINDOWS\System32\ucrtbase.dll
0x00007ffd3b0a0000 - 0x00007ffd3b33b000 	C:\WINDOWS\WinSxS\amd64_microsoft.windows.common-controls_6595b64144ccf1df_6.0.19041.488_none_ca04af081b815d21\COMCTL32.dll
0x00007ffd46c60000 - 0x00007ffd46c6a000 	C:\WINDOWS\SYSTEM32\VERSION.dll
0x00007ffd50b30000 - 0x00007ffd50b60000 	C:\WINDOWS\System32\IMM32.DLL
0x00007ffd4a0a0000 - 0x00007ffd4a0b6000 	C:\Program Files\Java\jdk-11.0.4\bin\vcruntime140.dll
0x00007ffd32c00000 - 0x00007ffd32caa000 	C:\Program Files\Java\jdk-11.0.4\bin\msvcp140.dll
0x00007ffd1b470000 - 0x00007ffd1bf97000 	C:\Program Files\Java\jdk-11.0.4\bin\server\jvm.dll
0x00007ffd4f9b0000 - 0x00007ffd4f9b8000 	C:\WINDOWS\System32\PSAPI.DLL
0x00007ffd3aaa0000 - 0x00007ffd3aaa9000 	C:\WINDOWS\SYSTEM32\WSOCK32.dll
0x00007ffd46c30000 - 0x00007ffd46c57000 	C:\WINDOWS\SYSTEM32\WINMM.dll
0x00007ffd50c80000 - 0x00007ffd50ceb000 	C:\WINDOWS\System32\WS2_32.dll
0x00007ffd4c4b0000 - 0x00007ffd4c4c3000 	C:\WINDOWS\SYSTEM32\kernel.appcore.dll
0x00007ffd47e90000 - 0x00007ffd47ea1000 	C:\Program Files\Java\jdk-11.0.4\bin\verify.dll
0x00007ffd3a810000 - 0x00007ffd3a9f4000 	C:\WINDOWS\SYSTEM32\DBGHELP.DLL
0x00007ffd3a680000 - 0x00007ffd3a6ac000 	C:\WINDOWS\SYSTEM32\dbgcore.DLL
0x00007ffd4e8a0000 - 0x00007ffd4e91f000 	C:\WINDOWS\System32\bcryptPrimitives.dll
0x00007ffd47db0000 - 0x00007ffd47dd9000 	C:\Program Files\Java\jdk-11.0.4\bin\java.dll
0x00007ffd47e70000 - 0x00007ffd47e86000 	C:\Program Files\Java\jdk-11.0.4\bin\zip.dll
0x00007ffd49f70000 - 0x00007ffd49f7a000 	C:\Program Files\Java\jdk-11.0.4\bin\jimage.dll

dbghelp: loaded successfully - version: 4.0.5 - missing functions: none
symbol engine: initialized successfully - sym options: 0x614 - pdb path: .;C:\Program Files\Java\jdk-11.0.4\bin;C:\WINDOWS\SYSTEM32;C:\WINDOWS\WinSxS\amd64_microsoft.windows.common-controls_6595b64144ccf1df_6.0.19041.488_none_ca04af081b815d21;C:\Program Files\Java\jdk-11.0.4\bin\server

VM Arguments:
jvm_args: -Dclassworlds.conf=//bin/m2.conf -Dmaven.home=C:/Program Files/Git/ -Dlibrary.jansi.path=//lib/jansi-native -Dmaven.multiModuleProjectDirectory=D:/Y/Study/Projects/autometer 
java_command: org.codehaus.plexus.classworlds.launcher.Launcher clean package
java_class_path (initial): //boot/plexus-classworlds-*.jar
Launcher Type: SUN_STANDARD

[Global flags]
     intx CICompilerCount                          = 3                                         {product} {ergonomic}
     uint ConcGCThreads                            = 1                                         {product} {ergonomic}
     uint G1ConcRefinementThreads                  = 4                                         {product} {ergonomic}
   size_t G1HeapRegionSize                         = 1048576                                   {product} {ergonomic}
    uintx GCDrainStackTargetSize                   = 64                                        {product} {ergonomic}
   size_t InitialHeapSize                          = 134217728                                 {product} {ergonomic}
   size_t MarkStackSize                            = 4194304                                   {product} {ergonomic}
   size_t MaxHeapSize                              = 2134900736                                {product} {ergonomic}
   size_t MinHeapDeltaBytes                        = 1048576                                   {product} {ergonomic}
    uintx NonNMethodCodeHeapSize                   = 5830092                                {pd product} {ergonomic}
    uintx NonProfiledCodeHeapSize                  = 122914074                              {pd product} {ergonomic}
    uintx ProfiledCodeHeapSize                     = 122914074                              {pd product} {ergonomic}
    uintx ReservedCodeCacheSize                    = 251658240                              {pd product} {ergonomic}
     bool SegmentedCodeCache                       = true                                      {product} {ergonomic}
     bool UseCompressedClassPointers               = true                                 {lp64_product} {ergonomic}
     bool UseCompressedOops                        = true                                 {lp64_product} {ergonomic}
     bool UseG1GC                                  = true                                      {product} {ergonomic}
     bool UseLargePagesIndividualAllocation        = false                                  {pd product} {ergonomic}

Logging:
Log output configuration:
 #0: stdout all=warning uptime,level,tags
 #1: stderr all=off uptime,level,tags

Environment Variables:
JAVA_HOME=C:\Program Files\Java\jdk-11.0.4
PATH=C:\Users\yorix\bin;C:\Program Files\Git\mingw64\bin;C:\Program Files\Git\usr\local\bin;C:\Program Files\Git\usr\bin;C:\Program Files\Git\usr\bin;C:\Program Files\Git\mingw64\bin;C:\Program Files\Git\usr\bin;C:\Users\yorix\bin;C:\WINDOWS\system32;C:\WINDOWS;C:\WINDOWS\System32\Wbem;C:\WINDOWS\System32\WindowsPowerShell\v1.0;C:\Program Files (x86)\ATI Technologies\ATI.ACE\Core-Static;C:\Program Files\Git\cmd;C:\WINDOWS\System32\OpenSSH;C:\Gradle\gradle-5.6.3\bin;C:\Users\yorix\AppData\Local\Microsoft\WindowsApps;C:\Program Files\JetBrains\IntelliJ IDEA 2020.2.2\bin;C:\Program Files\MySQL\MySQL Server 8.0\bin;C:\apache-maven-3.6.1\bin;C:\Program Files\Java\jdk-11.0.4\bin;C:\Program Files\heroku\bin;C:\Program Files\JetBrains\WebStorm 2020.2.2\bin;C:\Program Files\JetBrains\PhpStorm 2020.2.1\bin;C:\Program Files\Git\usr\bin\vendor_perl;C:\Program Files\Git\usr\bin\core_perl
USERNAME=yorix
SHELL=C:\Program Files\Git\usr\bin\bash.exe
DISPLAY=needs-to-be-defined
OS=Windows_NT
PROCESSOR_IDENTIFIER=Intel64 Family 6 Model 42 Stepping 7, GenuineIntel



---------------  S Y S T E M  ---------------

OS: Windows 10 , 64 bit Build 19041 (10.0.19041.292)

CPU:total 4 (initial active 4) (2 cores per cpu, 2 threads per core) family 6 model 42 stepping 7, cmov, cx8, fxsr, mmx, sse, sse2, sse3, ssse3, sse4.1, sse4.2, popcnt, avx, clmul, ht, tsc, tscinvbit

Memory: 4k page, system-wide physical 8139M (999M free)
TotalPageFile size 9789M (AvailPageFile size 124M)
current process WorkingSet (physical memory assigned to process): 9M, peak: 9M
current process commit charge ("private bytes"): 51M, peak: 179M

vm_info: Java HotSpot(TM) 64-Bit Server VM (11.0.4+10-LTS) for windows-amd64 JRE (11.0.4+10-LTS), built on Jul  4 2019 16:28:13 by "mach5one" with MS VC++ 15.5 (VS2017)

END.
